<?xml version="1.0" encoding="UTF-8"?>
<!-- Generated by org.testng.reporters.JUnitReportReporter -->
<testsuite hostname="DESKTOP-S0S8SEQ" failures="0" tests="1" name="pojorunner.datadriven" time="0.782" errors="0" timestamp="2023-02-20T14:02:27 GMT" skipped="0">
  <testcase classname="pojorunner.datadriven" name="Write_data" time="0.782"/>
  <system-out/>
</testsuite> <!-- pojorunner.datadriven -->
